<?xml version="1.0" encoding="UTF-8"?>
<!-- Generated by org.testng.reporters.JUnitXMLReporter -->
<testsuite ignored="10" hostname="DESKTOP-LP0ER4S" failures="2" tests="22" name="Test_All" time="241.697" errors="0" timestamp="30 May 2025 08:02:37 GMT">
  <testcase classname="com.adactin.testcases.LoginPageTest" name="verifyForgotPassword" time="0.534"/>
  <testcase classname="com.adactin.testcases.LoginPageTest" name="verifyFunctionalityForGooglePlayTest" time="2.591">
    <failure type="java.lang.AssertionError" message="expected [https://play.google.com/store/apps/details?id=com.adactin.education.hotelbooking] but found [https://adactinhotelapp.com/index.php]">
      <![CDATA[java.lang.AssertionError: expected [https://play.google.com/store/apps/details?id=com.adactin.education.hotelbooking] but found [https://adactinhotelapp.com/index.php]
at com.adactin.testcases.LoginPageTest.verifyFunctionalityForGooglePlayTest(LoginPageTest.java:96)
... Removed 29 stack frames]]>
    </failure>
  </testcase> <!-- verifyFunctionalityForGooglePlayTest -->
  <testcase classname="com.adactin.testcases.LoginPageTest" name="verifyFunctionalityForiOSTest" time="5.299">
    <failure type="java.lang.AssertionError" message="expected [https://testflight.apple.com/join/Ai3nVPMD] but found [https://adactinhotelapp.com/index.php]">
      <![CDATA[java.lang.AssertionError: expected [https://testflight.apple.com/join/Ai3nVPMD] but found [https://adactinhotelapp.com/index.php]
at com.adactin.testcases.LoginPageTest.verifyFunctionalityForiOSTest(LoginPageTest.java:73)
... Removed 29 stack frames]]>
    </failure>
  </testcase> <!-- verifyFunctionalityForiOSTest -->
  <testcase classname="com.adactin.testcases.LoginPageTest" name="verifyLoginFunctionality" time="2.529"/>
  <testcase classname="com.adactin.testcases.LoginPageTest" name="verifyLoginFunctionality" time="2.5"/>
  <testcase classname="com.adactin.testcases.LoginPageTest" name="verifyLoginFunctionality" time="2.757"/>
  <testcase classname="com.adactin.testcases.LoginPageTest" name="verifyLogoTest" time="0.066"/>
  <testcase classname="com.adactin.testcases.LoginPageTest" name="verifyNewUserRegisterHereLink" time="0.796"/>
  <testcase classname="com.adactin.testcases.LoginPageTest" name="verifyTitleTest" time="0.022"/>
  <testcase classname="com.adactin.testcases.BookAHotelPageTest" name="verifyBookAHotelDetails" time="13.213"/>
  <testcase classname="com.adactin.testcases.BookAHotelPageTest" name="verifyTitle" time="0.018"/>
  <testcase classname="com.adactin.testcases.SearchHotelPageTest" name="verifyBookedItineraryLink" time="13.598"/>
  <testcase classname="com.adactin.testcases.SearchHotelPageTest" name="verifyChangePasswordLink" time="3.112"/>
  <testcase classname="com.adactin.testcases.SearchHotelPageTest" name="verifyDisplayOfSearchHotelPage" time="0.731"/>
  <testcase classname="com.adactin.testcases.SearchHotelPageTest" name="verifyFunctionalityOfSearchHotelPage" time="6.125"/>
  <testcase classname="com.adactin.testcases.SearchHotelPageTest" name="verifyListOffieldDislayedTestdataTest" time="0.667"/>
  <testcase classname="com.adactin.testcases.SearchHotelPageTest" name="verifyLogoutLink" time="2.544"/>
  <testcase classname="com.adactin.testcases.SearchHotelPageTest" name="verifySearchHotelPageTitle" time="2.538"/>
  <testcase classname="com.adactin.testcases.BookingConfirmationPageTest" name="verifyverifyBookingConfirmationPageTest" time="10.023"/>
  <testcase classname="com.adactin.testcases.SelectHotelPageTest" name="verifySelectHotelDetails" time="12.426"/>
  <testcase classname="com.adactin.testcases.SelectHotelPageTest" name="verifyTitle" time="2.025"/>
  <testcase classname="com.adactin.testcases.BookedItineraryPageTest" name="verifySearchHotel" time="2.37"/>
  <testcase classname="com.adactin.base.BaseClass" name="@BeforeTest BaseClass" time="0.0">
    <ignored/>
  </testcase> <!-- @BeforeTest BaseClass -->
  <testcase classname="com.adactin.base.BaseClass" name="@BeforeTest BaseClass" time="0.0">
    <ignored/>
  </testcase> <!-- @BeforeTest BaseClass -->
  <testcase classname="com.adactin.base.BaseClass" name="@BeforeTest BaseClass" time="0.0">
    <ignored/>
  </testcase> <!-- @BeforeTest BaseClass -->
  <testcase classname="com.adactin.base.BaseClass" name="@BeforeTest BaseClass" time="0.0">
    <ignored/>
  </testcase> <!-- @BeforeTest BaseClass -->
  <testcase classname="com.adactin.base.BaseClass" name="@BeforeTest BaseClass" time="0.0">
    <ignored/>
  </testcase> <!-- @BeforeTest BaseClass -->
  <testcase classname="com.adactin.base.BaseClass" name="@BeforeSuite beforeSuite" time="0.0">
    <ignored/>
  </testcase> <!-- @BeforeSuite beforeSuite -->
  <testcase classname="com.adactin.base.BaseClass" name="@BeforeSuite beforeSuite" time="0.0">
    <ignored/>
  </testcase> <!-- @BeforeSuite beforeSuite -->
  <testcase classname="com.adactin.base.BaseClass" name="@BeforeSuite beforeSuite" time="0.0">
    <ignored/>
  </testcase> <!-- @BeforeSuite beforeSuite -->
  <testcase classname="com.adactin.base.BaseClass" name="@BeforeSuite beforeSuite" time="0.0">
    <ignored/>
  </testcase> <!-- @BeforeSuite beforeSuite -->
  <testcase classname="com.adactin.base.BaseClass" name="@BeforeSuite beforeSuite" time="0.0">
    <ignored/>
  </testcase> <!-- @BeforeSuite beforeSuite -->
</testsuite> <!-- Test_All -->
